Using pre-set license
Built from '2020.3/staging' branch; Version is '2020.3.32f1 (12f8b0834f07) revision 1243312'; Using compiler version '192528614'; Build Type 'Release'
OS: 'Windows 11  (10.0.22000) 64bit Core' Language: 'en' Physical Memory: 15776 MB
BatchMode: 1, IsHumanControllingUs: 0, StartBugReporterOnCrash: 0, Is64bit: 1, IsPro: 0

COMMAND LINE ARGUMENTS:
C:\Program Files\Unity\Hub\Editor\2020.3.32f1\Editor\Unity.exe
-adb2
-batchMode
-noUpm
-name
AssetImportWorker0
-projectPath
C:/Users/Jphyu/Skittles Road (2)
-logFile
Logs/AssetImportWorker0.log
-srvPort
57589
Successfully changed project path to: C:/Users/Jphyu/Skittles Road (2)
C:/Users/Jphyu/Skittles Road (2)
Using Asset Import Pipeline V2.
Refreshing native plugins compatible for Editor in 50.69 ms, found 3 plugins.
Preloading 0 native plugins for Editor in 0.00 ms.
Initialize engine version: 2020.3.32f1 (12f8b0834f07)
[Subsystems] Discovering subsystems at path C:/Program Files/Unity/Hub/Editor/2020.3.32f1/Editor/Data/Resources/UnitySubsystems
[Subsystems] Discovering subsystems at path C:/Users/Jphyu/Skittles Road (2)/Assets
GfxDevice: creating device client; threaded=0
Direct3D:
    Version:  Direct3D 11.0 [level 11.1]
    Renderer: NVIDIA GeForce RTX 3060 Laptop GPU (ID=0x2520)
    Vendor:   
    VRAM:     6023 MB
    Driver:   30.0.15.1259
Initialize mono
Mono path[0] = 'C:/Program Files/Unity/Hub/Editor/2020.3.32f1/Editor/Data/Managed'
Mono path[1] = 'C:/Program Files/Unity/Hub/Editor/2020.3.32f1/Editor/Data/MonoBleedingEdge/lib/mono/unityjit'
Mono config path = 'C:/Program Files/Unity/Hub/Editor/2020.3.32f1/Editor/Data/MonoBleedingEdge/etc'
Using monoOptions --debugger-agent=transport=dt_socket,embedding=1,server=y,suspend=n,address=127.0.0.1:56700
Begin MonoManager ReloadAssembly
Registering precompiled unity dll's ...
Register platform support module: C:/Program Files/Unity/Hub/Editor/2020.3.32f1/Editor/Data/PlaybackEngines/WebGLSupport/UnityEditor.WebGL.Extensions.dll
Register platform support module: C:/Program Files/Unity/Hub/Editor/2020.3.32f1/Editor/Data/PlaybackEngines/WindowsStandaloneSupport/UnityEditor.WindowsStandalone.Extensions.dll
Registered in 0.001827 seconds.
Native extension for WindowsStandalone target not found
Native extension for WebGL target not found
Refreshing native plugins compatible for Editor in 50.15 ms, found 3 plugins.
Preloading 0 native plugins for Editor in 0.00 ms.
Mono: successfully reloaded assembly
- Completed reload, in  0.549 seconds
Domain Reload Profiling:
	ReloadAssembly (549ms)
		BeginReloadAssembly (56ms)
			ExecutionOrderSort (0ms)
			DisableScriptedObjects (0ms)
			BackupInstance (0ms)
			ReleaseScriptingObjects (0ms)
			CreateAndSetChildDomain (1ms)
		EndReloadAssembly (427ms)
			LoadAssemblies (55ms)
			RebuildTransferFunctionScriptingTraits (0ms)
			SetupTypeCache (130ms)
			ReleaseScriptCaches (0ms)
			RebuildScriptCaches (24ms)
			SetupLoadedEditorAssemblies (176ms)
				LogAssemblyErrors (0ms)
				InitializePlatformSupportModulesInManaged (5ms)
				SetLoadedEditorAssemblies (0ms)
				RefreshPlugins (50ms)
				BeforeProcessingInitializeOnLoad (16ms)
				ProcessInitializeOnLoadAttributes (78ms)
				ProcessInitializeOnLoadMethodAttributes (26ms)
				AfterProcessingInitializeOnLoad (0ms)
				EditorAssembliesLoaded (0ms)
			ExecutionOrderSort2 (0ms)
			AwakeInstancesAfterBackupRestoration (0ms)
Platform modules already initialized, skipping
Registering precompiled user dll's ...
Registered in 0.004041 seconds.
Begin MonoManager ReloadAssembly
Native extension for WindowsStandalone target not found
Native extension for WebGL target not found
Refreshing native plugins compatible for Editor in 49.39 ms, found 3 plugins.
Preloading 0 native plugins for Editor in 0.00 ms.
Mono: successfully reloaded assembly
- Completed reload, in  1.036 seconds
Domain Reload Profiling:
	ReloadAssembly (1037ms)
		BeginReloadAssembly (131ms)
			ExecutionOrderSort (0ms)
			DisableScriptedObjects (5ms)
			BackupInstance (0ms)
			ReleaseScriptingObjects (0ms)
			CreateAndSetChildDomain (19ms)
		EndReloadAssembly (851ms)
			LoadAssemblies (91ms)
			RebuildTransferFunctionScriptingTraits (0ms)
			SetupTypeCache (261ms)
			ReleaseScriptCaches (0ms)
			RebuildScriptCaches (42ms)
			SetupLoadedEditorAssemblies (353ms)
				LogAssemblyErrors (0ms)
				InitializePlatformSupportModulesInManaged (4ms)
				SetLoadedEditorAssemblies (0ms)
				RefreshPlugins (49ms)
				BeforeProcessingInitializeOnLoad (82ms)
				ProcessInitializeOnLoadAttributes (197ms)
				ProcessInitializeOnLoadMethodAttributes (15ms)
				AfterProcessingInitializeOnLoad (5ms)
				EditorAssembliesLoaded (0ms)
			ExecutionOrderSort2 (0ms)
			AwakeInstancesAfterBackupRestoration (6ms)
Platform modules already initialized, skipping
========================================================================
Worker process is ready to serve import requests
Launched and connected shader compiler UnityShaderCompiler.exe after 0.06 seconds
Refreshing native plugins compatible for Editor in 0.99 ms, found 3 plugins.
Preloading 0 native plugins for Editor in 0.00 ms.
Unloading 2446 Unused Serialized files (Serialized files now loaded: 0)
System memory in use before: 111.9 MB.
System memory in use after: 112.0 MB.

Unloading 28 unused Assets to reduce memory usage. Loaded Objects now: 2883.
Total: 3.825400 ms (FindLiveObjects: 0.240200 ms CreateObjectMapping: 0.089400 ms MarkObjects: 3.393800 ms  DeleteObjects: 0.100900 ms)

AssetImportParameters requested are different than current active one (requested -> active):
  custom:framework-win-MediaFoundation: 216162199b28c13a410421893ffa2e32 -> 
  custom:video-decoder-ogg-theora: a1e56fd34408186e4bbccfd4996cb3dc -> 
  custom:container-muxer-webm: aa71ff27fc2769a1b78a27578f13a17b -> 
  custom:container-demuxer-webm: 4f35f7cbe854078d1ac9338744f61a02 -> 
  custom:container-demuxer-ogg: 62fdf1f143b41e24485cea50d1cbac27 -> 
  custom:video-encoder-webm-vp8: eb34c28f22e8b96e1ab97ce403110664 -> 
  custom:video-codec-MediaFoundation-h265: 746d11721c4dcdbdad8f713fa42b33f4 -> 
  custom:video-decoder-webm-vp8: 9c59270c3fd7afecdb556c50c9e8de78 -> 
  custom:audio-decoder-ogg-vorbis: bf7c407c2cedff20999df2af8eb42d56 -> 
  custom:audio-encoder-webm-vorbis: bf7c407c2cedff20999df2af8eb42d56 -> 
========================================================================
Received Import Request.
  path: Assets/Scenes/portal.unity
  artifactKey: Guid(0e86787c3fad340c49f46d65b31aca19) Importer(815301076,1909f56bfc062723c751e8b465ee728b)
Start importing Assets/Scenes/portal.unity using Guid(0e86787c3fad340c49f46d65b31aca19) Importer(815301076,1909f56bfc062723c751e8b465ee728b)  -> (artifact id: 'e7f877c6369adf03d6a16e55b91f4304') in 0.012092 seconds 
========================================================================
Received Import Request.
  Time since last request: 0.000185 seconds.
  path: Assets/Scenes/SampleScene.unity
  artifactKey: Guid(2cda990e2423bbf4892e6590ba056729) Importer(815301076,1909f56bfc062723c751e8b465ee728b)
Start importing Assets/Scenes/SampleScene.unity using Guid(2cda990e2423bbf4892e6590ba056729) Importer(815301076,1909f56bfc062723c751e8b465ee728b)  -> (artifact id: '4959596cb4dbf5f5b6776ecad41245a7') in 0.007143 seconds 
========================================================================
Received Import Request.
  Time since last request: 8.527404 seconds.
  path: Assets/Scenes/darkweb.unity
  artifactKey: Guid(aa29f64025f9fdc428256ff93ff52796) Importer(815301076,1909f56bfc062723c751e8b465ee728b)
Start importing Assets/Scenes/darkweb.unity using Guid(aa29f64025f9fdc428256ff93ff52796) Importer(815301076,1909f56bfc062723c751e8b465ee728b)  -> (artifact id: 'cd19eba364939c7ea67cf6cb0e4369b1') in 0.007724 seconds 
========================================================================
Received Import Request.
  Time since last request: 0.980752 seconds.
  path: Assets/Scenes/KoolKoin.unity
  artifactKey: Guid(e24fad784a35c46a982d4376ec18c787) Importer(815301076,1909f56bfc062723c751e8b465ee728b)
Start importing Assets/Scenes/KoolKoin.unity using Guid(e24fad784a35c46a982d4376ec18c787) Importer(815301076,1909f56bfc062723c751e8b465ee728b)  -> (artifact id: '3f878c620ad749ce6c2fe8c379297d5a') in 0.005959 seconds 
========================================================================
Received Import Request.
  Time since last request: 1.132181 seconds.
  path: Assets/Scenes/Main Menu.unity
  artifactKey: Guid(bb04f75ecc87257458c4909ce7e2038f) Importer(815301076,1909f56bfc062723c751e8b465ee728b)
Start importing Assets/Scenes/Main Menu.unity using Guid(bb04f75ecc87257458c4909ce7e2038f) Importer(815301076,1909f56bfc062723c751e8b465ee728b)  -> (artifact id: 'd1983cabf820b510d8639048bb2f4bc6') in 0.005782 seconds 
========================================================================
Received Import Request.
  Time since last request: 57.418065 seconds.
  path: Assets/Scripts/adscript.cs
  artifactKey: Guid(65b10a89a9a22a24198fdb9e131e13c3) Importer(815301076,1909f56bfc062723c751e8b465ee728b)
Start importing Assets/Scripts/adscript.cs using Guid(65b10a89a9a22a24198fdb9e131e13c3) Importer(815301076,1909f56bfc062723c751e8b465ee728b)  -> (artifact id: '960af57be0678b6db0d1eb58a4d59ae3') in 0.054023 seconds 
========================================================================
Received Import Request.
  Time since last request: 100.945669 seconds.
  path: Assets/sprites/boughtFactory.png
  artifactKey: Guid(236a6441b1437eb4f9c323e4a34b86f7) Importer(815301076,1909f56bfc062723c751e8b465ee728b)
Start importing Assets/sprites/boughtFactory.png using Guid(236a6441b1437eb4f9c323e4a34b86f7) Importer(815301076,1909f56bfc062723c751e8b465ee728b)  -> (artifact id: 'c10026a29a19d4d4e9f2fa097fa5dbe2') in 0.074453 seconds 
========================================================================
Received Import Request.
  Time since last request: 0.000152 seconds.
  path: Assets/sprites/drowning.png
  artifactKey: Guid(7fef2983359dc154ab6a2eb19a2d8ec5) Importer(815301076,1909f56bfc062723c751e8b465ee728b)
Start importing Assets/sprites/drowning.png using Guid(7fef2983359dc154ab6a2eb19a2d8ec5) Importer(815301076,1909f56bfc062723c751e8b465ee728b)  -> (artifact id: 'a5eff88091f7cfd6e2b96d4368642865') in 0.015023 seconds 
========================================================================
Received Import Request.
  Time since last request: 0.000178 seconds.
  path: Assets/sprites/folder.png
  artifactKey: Guid(34dbb79de503a4388b82644ecffe15d5) Importer(815301076,1909f56bfc062723c751e8b465ee728b)
Start importing Assets/sprites/folder.png using Guid(34dbb79de503a4388b82644ecffe15d5) Importer(815301076,1909f56bfc062723c751e8b465ee728b)  -> (artifact id: '4d77d284ff7369f447af4dc01499c652') in 0.013664 seconds 
========================================================================
Received Import Request.
  Time since last request: 0.000180 seconds.
  path: Assets/sprites/CarCrash.png
  artifactKey: Guid(18c145e00c90d124fb98fcc845d6c0c1) Importer(815301076,1909f56bfc062723c751e8b465ee728b)
Start importing Assets/sprites/CarCrash.png using Guid(18c145e00c90d124fb98fcc845d6c0c1) Importer(815301076,1909f56bfc062723c751e8b465ee728b)  -> (artifact id: '9b3288437a68b274edbe5a7850c83b2a') in 0.011455 seconds 
========================================================================
Received Import Request.
  Time since last request: 0.000160 seconds.
  path: Assets/sprites/gun.png
  artifactKey: Guid(d9ae744159fd08f40b1de54ff8efc509) Importer(815301076,1909f56bfc062723c751e8b465ee728b)
Start importing Assets/sprites/gun.png using Guid(d9ae744159fd08f40b1de54ff8efc509) Importer(815301076,1909f56bfc062723c751e8b465ee728b)  -> (artifact id: 'a4a6a04bc67ce170c3b58041fbe94684') in 0.012934 seconds 
========================================================================
Received Import Request.
  Time since last request: 0.000202 seconds.
  path: Assets/sprites/closedlaptop.png
  artifactKey: Guid(519b457caa437044ea5c59b4849f0c6a) Importer(815301076,1909f56bfc062723c751e8b465ee728b)
Start importing Assets/sprites/closedlaptop.png using Guid(519b457caa437044ea5c59b4849f0c6a) Importer(815301076,1909f56bfc062723c751e8b465ee728b)  -> (artifact id: '883ad79caeea79a6a59108b63a352457') in 0.013630 seconds 
========================================================================
Received Import Request.
  Time since last request: 0.000156 seconds.
  path: Assets/sprites/skittlepur.png
  artifactKey: Guid(a330e890164c34a54ae65deb71db09e6) Importer(815301076,1909f56bfc062723c751e8b465ee728b)
Start importing Assets/sprites/skittlepur.png using Guid(a330e890164c34a54ae65deb71db09e6) Importer(815301076,1909f56bfc062723c751e8b465ee728b)  -> (artifact id: '54e1f452bb44cc4b10e67d890321e3da') in 0.012413 seconds 
========================================================================
Received Import Request.
  Time since last request: 0.000178 seconds.
  path: Assets/sprites/openeye.png
  artifactKey: Guid(0b4714292505eea4f94660294ebab00b) Importer(815301076,1909f56bfc062723c751e8b465ee728b)
Start importing Assets/sprites/openeye.png using Guid(0b4714292505eea4f94660294ebab00b) Importer(815301076,1909f56bfc062723c751e8b465ee728b)  -> (artifact id: '486b67189d8d29745660e186550d5e34') in 0.013961 seconds 
========================================================================
Received Import Request.
  Time since last request: 0.000239 seconds.
  path: Assets/sprites/skittleblue.png
  artifactKey: Guid(fc5a11cd0ba4840379f280c34f701ff4) Importer(815301076,1909f56bfc062723c751e8b465ee728b)
Start importing Assets/sprites/skittleblue.png using Guid(fc5a11cd0ba4840379f280c34f701ff4) Importer(815301076,1909f56bfc062723c751e8b465ee728b)  -> (artifact id: 'f0332f3c4e3ca5d71452c85f52bae9f4') in 0.012542 seconds 
========================================================================
Received Import Request.
  Time since last request: 0.000173 seconds.
  path: Assets/sprites/Coin.png
  artifactKey: Guid(e705c53f7d6e63748a02a1726db23bc0) Importer(815301076,1909f56bfc062723c751e8b465ee728b)
Start importing Assets/sprites/Coin.png using Guid(e705c53f7d6e63748a02a1726db23bc0) Importer(815301076,1909f56bfc062723c751e8b465ee728b)  -> (artifact id: '8e612473f0849e5b90015053e00dba61') in 0.013910 seconds 
========================================================================
Received Import Request.
  Time since last request: 0.000296 seconds.
  path: Assets/sprites/koolkoin.png
  artifactKey: Guid(bd1d3ce0a2056488e9c9e49638edded2) Importer(815301076,1909f56bfc062723c751e8b465ee728b)
Start importing Assets/sprites/koolkoin.png using Guid(bd1d3ce0a2056488e9c9e49638edded2) Importer(815301076,1909f56bfc062723c751e8b465ee728b)  -> (artifact id: 'd14221322226df61ae8c3254f87a527e') in 0.015401 seconds 
========================================================================
Received Import Request.
  Time since last request: 0.000178 seconds.
  path: Assets/sprites/closedeye.png
  artifactKey: Guid(4d90a8599f44ff24ea0bbf29b3b8b825) Importer(815301076,1909f56bfc062723c751e8b465ee728b)
Start importing Assets/sprites/closedeye.png using Guid(4d90a8599f44ff24ea0bbf29b3b8b825) Importer(815301076,1909f56bfc062723c751e8b465ee728b)  -> (artifact id: 'b036fbaa10581ad114025a9de64bac59') in 0.018023 seconds 
========================================================================
Received Import Request.
  Time since last request: 0.000180 seconds.
  path: Assets/sprites/factory.png
  artifactKey: Guid(9b73d720e999a8844830d1d5624aed15) Importer(815301076,1909f56bfc062723c751e8b465ee728b)
Start importing Assets/sprites/factory.png using Guid(9b73d720e999a8844830d1d5624aed15) Importer(815301076,1909f56bfc062723c751e8b465ee728b)  -> (artifact id: '698e383cf9180c691fac57aabd3b1c94') in 0.014191 seconds 
========================================================================
Received Import Request.
  Time since last request: 0.000173 seconds.
  path: Assets/sprites/skittlepink.png
  artifactKey: Guid(bfb1291e99e054a54a8a5c995ac0789f) Importer(815301076,1909f56bfc062723c751e8b465ee728b)
Start importing Assets/sprites/skittlepink.png using Guid(bfb1291e99e054a54a8a5c995ac0789f) Importer(815301076,1909f56bfc062723c751e8b465ee728b)  -> (artifact id: '913b444e8b6ff38075ea6d222989c352') in 0.013919 seconds 
========================================================================
Received Import Request.
  Time since last request: 0.000190 seconds.
  path: Assets/sprites/skittlegreen.png
  artifactKey: Guid(d094b3f0b98f84a3498750689c0d2c6a) Importer(815301076,1909f56bfc062723c751e8b465ee728b)
Start importing Assets/sprites/skittlegreen.png using Guid(d094b3f0b98f84a3498750689c0d2c6a) Importer(815301076,1909f56bfc062723c751e8b465ee728b)  -> (artifact id: 'db22a72517c11ccbf15c87f2b2de5f5f') in 0.012621 seconds 
========================================================================
Received Import Request.
  Time since last request: 0.000168 seconds.
  path: Assets/sprites/DownArrow.png
  artifactKey: Guid(cdf0e5083224fdc42b0f23e02214c211) Importer(815301076,1909f56bfc062723c751e8b465ee728b)
Start importing Assets/sprites/DownArrow.png using Guid(cdf0e5083224fdc42b0f23e02214c211) Importer(815301076,1909f56bfc062723c751e8b465ee728b)  -> (artifact id: 'a24112aee2e9cead138212e488e38d2e') in 0.016435 seconds 
========================================================================
Received Import Request.
  Time since last request: 0.000161 seconds.
  path: Assets/sprites/knife.png
  artifactKey: Guid(edd81e55349932440810c8664b322a71) Importer(815301076,1909f56bfc062723c751e8b465ee728b)
Start importing Assets/sprites/knife.png using Guid(edd81e55349932440810c8664b322a71) Importer(815301076,1909f56bfc062723c751e8b465ee728b)  -> (artifact id: 'ba2d2e2a905d4dfd548d5741b30b48d4') in 0.011930 seconds 
========================================================================
Received Import Request.
  Time since last request: 0.000189 seconds.
  path: Assets/sprites/onion.png
  artifactKey: Guid(5ada4f059c2975646a3c64bc484c05c4) Importer(815301076,1909f56bfc062723c751e8b465ee728b)
Start importing Assets/sprites/onion.png using Guid(5ada4f059c2975646a3c64bc484c05c4) Importer(815301076,1909f56bfc062723c751e8b465ee728b)  -> (artifact id: '8b8607a195ada89292dcf2c193535d97') in 0.019098 seconds 
========================================================================
Received Import Request.
  Time since last request: 0.000177 seconds.
  path: Assets/sprites/unboughtFactory.png
  artifactKey: Guid(cd57a5c7eca279349af0d4863cffba34) Importer(815301076,1909f56bfc062723c751e8b465ee728b)
Start importing Assets/sprites/unboughtFactory.png using Guid(cd57a5c7eca279349af0d4863cffba34) Importer(815301076,1909f56bfc062723c751e8b465ee728b)  -> (artifact id: 'ac3c48a5f510ba60f8ea3d492c7c3dcf') in 0.014163 seconds 
========================================================================
Received Import Request.
  Time since last request: 0.000191 seconds.
  path: Assets/sprites/gun.psd
  artifactKey: Guid(d00ea6eed77c68f48aa7856c54c7dc7e) Importer(815301076,1909f56bfc062723c751e8b465ee728b)
Start importing Assets/sprites/gun.psd using Guid(d00ea6eed77c68f48aa7856c54c7dc7e) Importer(815301076,1909f56bfc062723c751e8b465ee728b)  -> (artifact id: '0d0ad9e8bb8bd0e9e625d7af46fb6bb7') in 0.017716 seconds 
========================================================================
Received Import Request.
  Time since last request: 0.000311 seconds.
  path: Assets/sprites/hitman.png
  artifactKey: Guid(9048a0b3259778f4cbe8634c1369862c) Importer(815301076,1909f56bfc062723c751e8b465ee728b)
Start importing Assets/sprites/hitman.png using Guid(9048a0b3259778f4cbe8634c1369862c) Importer(815301076,1909f56bfc062723c751e8b465ee728b)  -> (artifact id: '259ebb69e59eaa3eb213a75e6db781e7') in 0.011944 seconds 
========================================================================
Received Import Request.
  Time since last request: 0.000202 seconds.
  path: Assets/sprites/laptop.png
  artifactKey: Guid(116eaabcaea7f1b4c842cef24e87191f) Importer(815301076,1909f56bfc062723c751e8b465ee728b)
Start importing Assets/sprites/laptop.png using Guid(116eaabcaea7f1b4c842cef24e87191f) Importer(815301076,1909f56bfc062723c751e8b465ee728b)  -> (artifact id: 'a7bdb1eae1f3652ef3b1d124b5cc7478') in 0.016457 seconds 
========================================================================
Received Import Request.
  Time since last request: 0.000181 seconds.
  path: Assets/sprites/map.png
  artifactKey: Guid(8b9409fa2ee92cd4b99d8681aaaf747f) Importer(815301076,1909f56bfc062723c751e8b465ee728b)
Start importing Assets/sprites/map.png using Guid(8b9409fa2ee92cd4b99d8681aaaf747f) Importer(815301076,1909f56bfc062723c751e8b465ee728b)  -> (artifact id: 'a2c3436efe3c1d0956d38e0f86a46276') in 0.035752 seconds 
========================================================================
Received Import Request.
  Time since last request: 0.000200 seconds.
  path: Assets/sprites/house.png
  artifactKey: Guid(2bbfa24023279d848b41888986656e5b) Importer(815301076,1909f56bfc062723c751e8b465ee728b)
Start importing Assets/sprites/house.png using Guid(2bbfa24023279d848b41888986656e5b) Importer(815301076,1909f56bfc062723c751e8b465ee728b)  -> (artifact id: '0845015abeb2bba6789b5d2f68048f9f') in 0.014214 seconds 
========================================================================
Received Import Request.
  Time since last request: 0.000212 seconds.
  path: Assets/sprites/FolderIcon.png
  artifactKey: Guid(2b55b78759015944fa8c086d6e4e0f6f) Importer(815301076,1909f56bfc062723c751e8b465ee728b)
Start importing Assets/sprites/FolderIcon.png using Guid(2b55b78759015944fa8c086d6e4e0f6f) Importer(815301076,1909f56bfc062723c751e8b465ee728b)  -> (artifact id: '5dafddf11dd2cbf2e57ba22036c9dd89') in 0.021395 seconds 
========================================================================
Received Import Request.
  Time since last request: 0.000174 seconds.
  path: Assets/sprites/skittles.png
  artifactKey: Guid(cddbf2830968d4c2e876c98ee6637c35) Importer(815301076,1909f56bfc062723c751e8b465ee728b)
Start importing Assets/sprites/skittles.png using Guid(cddbf2830968d4c2e876c98ee6637c35) Importer(815301076,1909f56bfc062723c751e8b465ee728b)  -> (artifact id: '649358bcfafcae93bbc4c21ae7c5d72a') in 0.013236 seconds 
========================================================================
Received Import Request.
  Time since last request: 4.253474 seconds.
  path: Assets/sprites/coins
  artifactKey: Guid(d2cc57c29ba57ce449e800a5bca57a80) Importer(815301076,1909f56bfc062723c751e8b465ee728b)
Start importing Assets/sprites/coins using Guid(d2cc57c29ba57ce449e800a5bca57a80) Importer(815301076,1909f56bfc062723c751e8b465ee728b)  -> (artifact id: 'a6397376753e41124d83f310cc676958') in 0.006228 seconds 
========================================================================
Received Import Request.
  Time since last request: 0.053378 seconds.
  path: Assets/sprites/coins/avalanche.png
  artifactKey: Guid(a29f669d398e24d4380d9af868d3e651) Importer(815301076,1909f56bfc062723c751e8b465ee728b)
Start importing Assets/sprites/coins/avalanche.png using Guid(a29f669d398e24d4380d9af868d3e651) Importer(815301076,1909f56bfc062723c751e8b465ee728b)  -> (artifact id: 'b1eb5f175115ae9d84ff8cf6390222c0') in 0.045830 seconds 
========================================================================
Received Import Request.
  Time since last request: 0.000148 seconds.
  path: Assets/sprites/coins/cardano.jpg
  artifactKey: Guid(fcdeade2dd2193340bd2b44199a1f922) Importer(815301076,1909f56bfc062723c751e8b465ee728b)
Start importing Assets/sprites/coins/cardano.jpg using Guid(fcdeade2dd2193340bd2b44199a1f922) Importer(815301076,1909f56bfc062723c751e8b465ee728b)  -> (artifact id: 'eee8a894bc672dc83b6ac6c1ab0babfb') in 0.032813 seconds 
========================================================================
Received Import Request.
  Time since last request: 0.000152 seconds.
  path: Assets/sprites/coins/dogecoin.png
  artifactKey: Guid(dda007ef43c6a3a4799eeb536d638b27) Importer(815301076,1909f56bfc062723c751e8b465ee728b)
Start importing Assets/sprites/coins/dogecoin.png using Guid(dda007ef43c6a3a4799eeb536d638b27) Importer(815301076,1909f56bfc062723c751e8b465ee728b)  -> (artifact id: 'bd391e076de2f0d5884b3606be813bc8') in 0.020667 seconds 
========================================================================
Received Import Request.
  Time since last request: 0.000204 seconds.
  path: Assets/sprites/coins/polkadot.png
  artifactKey: Guid(eb7508588423e8247a85ba6f96fda646) Importer(815301076,1909f56bfc062723c751e8b465ee728b)
Start importing Assets/sprites/coins/polkadot.png using Guid(eb7508588423e8247a85ba6f96fda646) Importer(815301076,1909f56bfc062723c751e8b465ee728b)  -> (artifact id: 'dd7a1ca571bcd571efdc570df9cc5e04') in 0.016432 seconds 
========================================================================
Received Import Request.
  Time since last request: 0.000168 seconds.
  path: Assets/sprites/coins/dogecoin1.png
  artifactKey: Guid(6cf12c542d931954e934adf9e282623c) Importer(815301076,1909f56bfc062723c751e8b465ee728b)
Start importing Assets/sprites/coins/dogecoin1.png using Guid(6cf12c542d931954e934adf9e282623c) Importer(815301076,1909f56bfc062723c751e8b465ee728b)  -> (artifact id: '802d487583c0fcae59fd312681442ed5') in 0.027000 seconds 
========================================================================
Received Import Request.
  Time since last request: 0.000165 seconds.
  path: Assets/sprites/coins/ripple.png
  artifactKey: Guid(5df606cac959c35478b8e45a818be7c7) Importer(815301076,1909f56bfc062723c751e8b465ee728b)
Start importing Assets/sprites/coins/ripple.png using Guid(5df606cac959c35478b8e45a818be7c7) Importer(815301076,1909f56bfc062723c751e8b465ee728b)  -> (artifact id: '2d5c5b3cf31c18c8a9bf0014deaf27cc') in 0.017247 seconds 
========================================================================
Received Import Request.
  Time since last request: 0.000171 seconds.
  path: Assets/sprites/coins/solana.png
  artifactKey: Guid(6ec84d10d44046d4396822c6f1df4b50) Importer(815301076,1909f56bfc062723c751e8b465ee728b)
Start importing Assets/sprites/coins/solana.png using Guid(6ec84d10d44046d4396822c6f1df4b50) Importer(815301076,1909f56bfc062723c751e8b465ee728b)  -> (artifact id: 'eeb08b3300c34eaae1855d745beb4277') in 0.021860 seconds 
========================================================================
Received Import Request.
  Time since last request: 0.000165 seconds.
  path: Assets/sprites/coins/terra.png
  artifactKey: Guid(9377934d467f4b945a5896882c7e114a) Importer(815301076,1909f56bfc062723c751e8b465ee728b)
Start importing Assets/sprites/coins/terra.png using Guid(9377934d467f4b945a5896882c7e114a) Importer(815301076,1909f56bfc062723c751e8b465ee728b)  -> (artifact id: '022d04e56e0ae868527666d3bb942a88') in 0.014511 seconds 
========================================================================
Received Import Request.
  Time since last request: 0.000181 seconds.
  path: Assets/sprites/coins/cardano.png
  artifactKey: Guid(4dd052a88835f8e44809ba4f55f3394e) Importer(815301076,1909f56bfc062723c751e8b465ee728b)
Start importing Assets/sprites/coins/cardano.png using Guid(4dd052a88835f8e44809ba4f55f3394e) Importer(815301076,1909f56bfc062723c751e8b465ee728b)  -> (artifact id: '05809ffe2e8b7c2b1dbc30553874b891') in 0.021301 seconds 
========================================================================
Received Import Request.
  Time since last request: 0.000167 seconds.
  path: Assets/sprites/coins/shibaInu.png
  artifactKey: Guid(af63e4c6d4dcdb34db0290806a48e055) Importer(815301076,1909f56bfc062723c751e8b465ee728b)
Start importing Assets/sprites/coins/shibaInu.png using Guid(af63e4c6d4dcdb34db0290806a48e055) Importer(815301076,1909f56bfc062723c751e8b465ee728b)  -> (artifact id: '852c46840972adcfa6613af5e5d4ea4a') in 0.019239 seconds 
========================================================================
Received Import Request.
  Time since last request: 0.000196 seconds.
  path: Assets/sprites/coins/ethereum.png
  artifactKey: Guid(5454abc0399ee7641800155454c9b131) Importer(815301076,1909f56bfc062723c751e8b465ee728b)
Start importing Assets/sprites/coins/ethereum.png using Guid(5454abc0399ee7641800155454c9b131) Importer(815301076,1909f56bfc062723c751e8b465ee728b)  -> (artifact id: 'e75ceae2c4d08f0b6a17605bbd848f2c') in 0.017658 seconds 
========================================================================
Received Import Request.
  Time since last request: 0.000165 seconds.
  path: Assets/sprites/coins/bitcoin.png
  artifactKey: Guid(1110dc02850e87043852118f69737207) Importer(815301076,1909f56bfc062723c751e8b465ee728b)
Start importing Assets/sprites/coins/bitcoin.png using Guid(1110dc02850e87043852118f69737207) Importer(815301076,1909f56bfc062723c751e8b465ee728b)  -> (artifact id: '8e614cc471dfef3fea238ba5875905e3') in 0.015175 seconds 
========================================================================
Received Import Request.
  Time since last request: 7.476099 seconds.
  path: Assets/darkmarket.cs
  artifactKey: Guid(5e95549e270c3f8469223ea9b2697bf6) Importer(815301076,1909f56bfc062723c751e8b465ee728b)
Start importing Assets/darkmarket.cs using Guid(5e95549e270c3f8469223ea9b2697bf6) Importer(815301076,1909f56bfc062723c751e8b465ee728b)  -> (artifact id: '61b07bd560b83afb964f67be7c148432') in 0.005738 seconds 
========================================================================
Received Prepare
Registering precompiled user dll's ...
Registered in 0.003992 seconds.
Begin MonoManager ReloadAssembly
Native extension for WindowsStandalone target not found
Native extension for WebGL target not found
Refreshing native plugins compatible for Editor in 0.66 ms, found 3 plugins.
Preloading 0 native plugins for Editor in 0.00 ms.
Mono: successfully reloaded assembly
- Completed reload, in  0.990 seconds
Domain Reload Profiling:
	ReloadAssembly (990ms)
		BeginReloadAssembly (124ms)
			ExecutionOrderSort (0ms)
			DisableScriptedObjects (6ms)
			BackupInstance (0ms)
			ReleaseScriptingObjects (0ms)
			CreateAndSetChildDomain (45ms)
		EndReloadAssembly (806ms)
			LoadAssemblies (97ms)
			RebuildTransferFunctionScriptingTraits (0ms)
			SetupTypeCache (271ms)
			ReleaseScriptCaches (1ms)
			RebuildScriptCaches (38ms)
			SetupLoadedEditorAssemblies (312ms)
				LogAssemblyErrors (0ms)
				InitializePlatformSupportModulesInManaged (7ms)
				SetLoadedEditorAssemblies (0ms)
				RefreshPlugins (1ms)
				BeforeProcessingInitializeOnLoad (82ms)
				ProcessInitializeOnLoadAttributes (207ms)
				ProcessInitializeOnLoadMethodAttributes (10ms)
				AfterProcessingInitializeOnLoad (5ms)
				EditorAssembliesLoaded (0ms)
			ExecutionOrderSort2 (0ms)
			AwakeInstancesAfterBackupRestoration (9ms)
Platform modules already initialized, skipping
Refreshing native plugins compatible for Editor in 1.28 ms, found 3 plugins.
Preloading 0 native plugins for Editor in 0.00 ms.
Unloading 2395 Unused Serialized files (Serialized files now loaded: 0)
System memory in use before: 110.3 MB.
System memory in use after: 110.6 MB.

Unloading 17 unused Assets to reduce memory usage. Loaded Objects now: 2908.
Total: 4.921700 ms (FindLiveObjects: 0.445900 ms CreateObjectMapping: 0.151500 ms MarkObjects: 4.290900 ms  DeleteObjects: 0.032100 ms)

AssetImportParameters requested are different than current active one (requested -> active):
  custom:framework-win-MediaFoundation: 216162199b28c13a410421893ffa2e32 -> 
  custom:video-decoder-ogg-theora: a1e56fd34408186e4bbccfd4996cb3dc -> 
  custom:container-muxer-webm: aa71ff27fc2769a1b78a27578f13a17b -> 
  custom:container-demuxer-webm: 4f35f7cbe854078d1ac9338744f61a02 -> 
  custom:container-demuxer-ogg: 62fdf1f143b41e24485cea50d1cbac27 -> 
  custom:video-encoder-webm-vp8: eb34c28f22e8b96e1ab97ce403110664 -> 
  custom:video-codec-MediaFoundation-h265: 746d11721c4dcdbdad8f713fa42b33f4 -> 
  custom:video-decoder-webm-vp8: 9c59270c3fd7afecdb556c50c9e8de78 -> 
  custom:audio-decoder-ogg-vorbis: bf7c407c2cedff20999df2af8eb42d56 -> 
  custom:audio-encoder-webm-vorbis: bf7c407c2cedff20999df2af8eb42d56 -> 
AssetImportWorkerClient::OnTransportError - code=2 error=End of file
